#
# A fatal error has been detected by the Java Runtime Environment:
#
#  EXCEPTION_ACCESS_VIOLATION (0xc0000005) at pc=0x00007ffad9b81587, pid=3488, tid=27432
#
# JRE version: Java(TM) SE Runtime Environment (18.0+36) (build 18+36-2087)
# Java VM: Java HotSpot(TM) 64-Bit Server VM (18+36-2087, mixed mode, sharing, tiered, compressed oops, compressed class ptrs, g1 gc, windows-amd64)
# Problematic frame:
# V  [jvm.dll+0x651587]
#
# No core dump will be written. Minidumps are not enabled by default on client versions of Windows
#
# If you would like to submit a bug report, please visit:
#   https://bugreport.java.com/bugreport/crash.jsp
#

---------------  S U M M A R Y ------------

Command Line: -javaagent:C:\Program Files\JetBrains\IntelliJ IDEA Community Edition 2021.3.2\lib\idea_rt.jar=52844:C:\Program Files\JetBrains\IntelliJ IDEA Community Edition 2021.3.2\bin -Dfile.encoding=UTF-8 com.amalstack.api.notebooks.NotebooksApiApplication

Host: 11th Gen Intel(R) Core(TM) i7-1165G7 @ 2.80GHz, 8 cores, 7G,  Windows 11 , 64 bit Build 22000 (10.0.22000.708)
Time: Mon Jul 18 20:23:18 2022 India Standard Time elapsed time: 24209.724406 seconds (0d 6h 43m 29s)

---------------  T H R E A D  ---------------

Current thread (0x0000021021b0d250):  WorkerThread "GC Thread#0" [stack: 0x0000003080700000,0x0000003080800000] [id=27432]

Stack: [0x0000003080700000,0x0000003080800000],  sp=0x00000030807ff870,  free space=1022k
Native frames: (J=compiled Java code, j=interpreted, Vv=VM code, C=native code)
V  [jvm.dll+0x651587]
V  [jvm.dll+0x38e998]
V  [jvm.dll+0x6a2ba2]
V  [jvm.dll+0x3252a2]
V  [jvm.dll+0x81f2b4]
V  [jvm.dll+0x79fbba]
V  [jvm.dll+0x696ef5]
C  [ucrtbase.dll+0x26c0c]
C  [KERNEL32.DLL+0x154e0]
C  [ntdll.dll+0x485b]


siginfo: EXCEPTION_ACCESS_VIOLATION (0xc0000005), reading address 0xffffffffffffffff


Register to memory mapping:

RIP=0x00007ffad9b81587 jvm.dll
RAX=0x0000000000000050 is an unknown value
RBX=0x0000021021b17550 points into unknown readable memory: 0x0000000000000000 | 00 00 00 00 00 00 00 00
RCX=0xfffc008c00000000 is an unknown value
RDX=0x0 is NULL
RSP=0x00000030807ff870 points into unknown readable memory: 0x00000000000003d8 | d8 03 00 00 00 00 00 00
RBP=0x000000080004de08 is a pointer to class: 
java.lang.AbstractStringBuilder {0x000000080004de10}
 - instance size:     3
 - klass size:        136
 - access:            synchronized abstract 
 - state:             fully_initialized
 - name:              'java/lang/AbstractStringBuilder'
 - super:             'java/lang/Object'
 - sub:               'java/lang/StringBuilder'   'java/lang/StringBuffer'   
 - arrays:            'java/lang/AbstractStringBuilder'[]
 - methods:           Array<T>(0x000000080062de50)
 - method ordering:   Array<T>(0x000000080062f140)
 - default_methods:   Array<T>(0x000000080062f130)
 - default vtable indices:   Array<T>(0x000000080062f290)
 - local interfaces:  Array<T>(0x000000080062a690)
 - trans. interfaces: Array<T>(0x000000080062a690)
 - constants:         constant pool [551]/operands[14] {0x000000080062a6e0} for 'java/lang/AbstractStringBuilder' cache=0x00000008003f9ff8
 - class loader data:  loader data: 0x00000210416ce380 of 'bootstrap'
 - source file:       'AbstractStringBuilder.java'
 - class annotations:       Array<T>(0x0000000000000000)
 - class type annotations:  Array<T>(0x0000000000000000)
 - field annotations:       Array<T>(0x0000000000000000)
 - field type annotations:  Array<T>(0x0000000000000000)
 - inner classes:     Array<T>(0x000000080062de18)
 - nest members:     Array<T>(0x00000008005bcb00)
 - permitted subclasses:     Array<T>(0x00000008005bcb00)
 - java mirror:       a 'java/lang/Class'{0x00000000848211d0} = 'java/lang/AbstractStringBuilder'
 - vtable length      64  (start addr: 0x000000080004dfc0)
 - itable length      16 (start addr: 0x000000080004e1c0)
 - ---- static fields (1 words):
 - private static final 'EMPTYVALUE' '[B' @112 
 - ---- non-static fields (3 words):
 - 'count' 'I' @12 
 - 'coder' 'B' @16 
 - 'value' '[B' @20 
 - non-static oop maps: 20-20 
RSI=0xfffc008c00000000 is an unknown value
RDI=0x0000000000000033 is an unknown value
R8 =0x0000000000000003 is an unknown value
R9 =0x0000021021ac2ae0 points into unknown readable memory: 0x0000000000000002 | 02 00 00 00 00 00 00 00
R10=0x0 is NULL
R11=0x0000000000000246 is an unknown value
R12=0x0 is NULL
R13=0x0 is NULL
R14=0x0 is NULL
R15=0x00000000000003d8 is an unknown value


Registers:
RAX=0x0000000000000050, RBX=0x0000021021b17550, RCX=0xfffc008c00000000, RDX=0x0000000000000000
RSP=0x00000030807ff870, RBP=0x000000080004de08, RSI=0xfffc008c00000000, RDI=0x0000000000000033
R8 =0x0000000000000003, R9 =0x0000021021ac2ae0, R10=0x0000000000000000, R11=0x0000000000000246
R12=0x0000000000000000, R13=0x0000000000000000, R14=0x0000000000000000, R15=0x00000000000003d8
RIP=0x00007ffad9b81587, EFLAGS=0x0000000000010202

Top of Stack: (sp=0x00000030807ff870)
0x00000030807ff870:   00000000000003d8 0000021021ac3770
0x00000030807ff880:   0000000000000170 0000021021ac2ae0
0x00000030807ff890:   00007ffad9e99a88 00007ffad973cb00
0x00000030807ff8a0:   00000000000003d8 0000000000000198
0x00000030807ff8b0:   0000000000000000 0000000000000000
0x00000030807ff8c0:   0000000000000033 00007ffad98be998
0x00000030807ff8d0:   00000000000003d8 fffc008c00000000
0x00000030807ff8e0:   000000080004de08 0000021021ac3760
0x00000030807ff8f0:   0000021021ac3b48 0000021021ac2ae0
0x00000030807ff900:   0000021021ac3760 0000021021ac3770
0x00000030807ff910:   0000003080cfe578 00007ffad9bd2ba2
0x00000030807ff920:   00001a8fc3b58add 0000000000000001
0x00000030807ff930:   0000000000000000 0000021021b0d250
0x00000030807ff940:   0000000000000000 0000021021b0d250
0x00000030807ff950:   0000000000000007 00007ffad98552a2
0x00000030807ff960:   0000003080cfe520 0000000000000000 

Instructions: (pc=0x00007ffad9b81587)
0x00007ffad9b81487:   f7 df 0f 1f 80 00 00 00 00 48 8b 11 48 89 14 f9
0x00007ffad9b81497:   48 83 c1 08 48 3b c8 72 f0 0f b6 13 8b ca 85 d2
0x00007ffad9b814a7:   74 31 83 e9 01 74 2c 83 f9 0c 74 3a 89 54 24 20
0x00007ffad9b814b7:   4c 8d 0d ea 81 31 00 48 8d 15 fb 81 31 00 41 b8
0x00007ffad9b814c7:   65 05 00 00 b9 00 00 00 e0 e8 0b b2 c0 ff e8 e6
0x00007ffad9b814d7:   66 04 00 b8 08 00 00 00 48 03 d8 48 3b dd 0f 82
0x00007ffad9b814e7:   85 fe ff ff eb 34 b8 10 00 00 00 eb eb 85 f6 74
0x00007ffad9b814f7:   29 4c 8d 04 fd 00 00 00 00 48 8b cb 49 2b c8 49
0x00007ffad9b81507:   c1 e8 03 48 3b cb 4d 0f 47 c7 4d 85 c0 74 0b 49
0x00007ffad9b81517:   c1 e0 03 33 d2 e8 31 d4 1f 00 48 8b 7c 24 50 4c
0x00007ffad9b81527:   8b 64 24 58 48 8b 5c 24 60 48 8b 6c 24 68 48 83
0x00007ffad9b81537:   c4 30 41 5f 41 5e 5e c3 cc 48 89 5c 24 10 48 89
0x00007ffad9b81547:   6c 24 18 48 89 74 24 20 57 41 54 41 55 41 56 41
0x00007ffad9b81557:   57 48 83 ec 30 65 48 8b 04 25 58 00 00 00 44 0f
0x00007ffad9b81567:   b6 f2 44 8b 05 b8 49 52 00 48 8b f1 4a 8b 1c c0
0x00007ffad9b81577:   b8 50 00 00 00 80 3c 18 00 75 05 e8 f5 c1 1f 00
0x00007ffad9b81587:   83 be 00 01 00 00 00 b8 20 00 00 00 48 8b 04 18
0x00007ffad9b81597:   48 8b a8 18 02 00 00 48 8b 7d 28 4c 8b 7d 10 4c
0x00007ffad9b815a7:   8b 65 18 4c 8b 6d 20 48 89 7c 24 60 7e 65 48 8d
0x00007ffad9b815b7:   8e 08 01 00 00 e8 ff 0b 00 00 48 8b f8 48 85 c0
0x00007ffad9b815c7:   74 4c 0f 1f 80 00 00 00 00 48 8b 07 41 0f b6 d6
0x00007ffad9b815d7:   48 8b cf ff 90 80 00 00 00 8b 5f 08 48 8b cf 48
0x00007ffad9b815e7:   8b 07 2b de ff 10 8d 48 e0 8d 0c cb 3b 8e 00 01
0x00007ffad9b815f7:   00 00 7d 1a 48 63 c1 48 8d 8e 08 01 00 00 48 03
0x00007ffad9b81607:   c8 e8 b3 0b 00 00 48 8b f8 48 85 c0 75 bb 48 8b
0x00007ffad9b81617:   7c 24 60 48 63 86 04 01 00 00 83 f8 fe 74 35 48
0x00007ffad9b81627:   8d 8e 08 01 00 00 48 03 c8 e8 8b 0b 00 00 48 8b
0x00007ffad9b81637:   c8 48 8b d8 48 8b 10 ff 52 68 33 c9 84 c0 48 0f
0x00007ffad9b81647:   45 cb 48 85 c9 74 0d 48 8b 01 41 0f b6 d6 ff 90
0x00007ffad9b81657:   80 00 00 00 48 8d 05 26 84 31 00 44 88 74 24 28
0x00007ffad9b81667:   48 8d 54 24 20 48 89 44 24 20 48 8b ce e8 a7 fc
0x00007ffad9b81677:   ff ff 49 83 3f 00 74 13 48 8b d7 48 8b cd e8 d6 


Stack slot to memory mapping:
stack at sp + 0 slots: 0x00000000000003d8 is an unknown value
stack at sp + 1 slots: 0x0000021021ac3770 points into unknown readable memory: 0x0000000000000014 | 14 00 00 00 00 00 00 00
stack at sp + 2 slots: 0x0000000000000170 is an unknown value
stack at sp + 3 slots: 0x0000021021ac2ae0 points into unknown readable memory: 0x0000000000000002 | 02 00 00 00 00 00 00 00
stack at sp + 4 slots: 0x00007ffad9e99a88 jvm.dll
stack at sp + 5 slots: 0x00007ffad973cb00 jvm.dll
stack at sp + 6 slots: 0x00000000000003d8 is an unknown value
stack at sp + 7 slots: 0x0000000000000198 is an unknown value


---------------  P R O C E S S  ---------------

Threads class SMR info:
_java_thread_list=0x0000021049498960, length=31, elements={
0x0000021041805150, 0x0000021041807a10, 0x000002104181f680, 0x000002104181ff30,
0x00000210418227f0, 0x00000210418230a0, 0x0000021041827180, 0x000002104182fa80,
0x000002104183a7c0, 0x0000021045cacc00, 0x0000021045e8ae00, 0x0000021045e8b2c0,
0x000002104760dff0, 0x00000210476114e0, 0x0000021047612820, 0x0000021047611010,
0x000002104760c7e0, 0x000002104760d650, 0x000002104760e990, 0x0000021047611e80,
0x0000021047612350, 0x00000210476101a0, 0x000002104760ee60, 0x000002104760f800,
0x000002104760ccb0, 0x0000021047610670, 0x000002104760f330, 0x0000021047612cf0,
0x00000210476131c0, 0x0000021047613690, 0x00000210465ed530
}

Java Threads: ( => current thread )
  0x0000021041805150 JavaThread "Reference Handler" daemon [_thread_blocked, id=29684, stack(0x0000003080d00000,0x0000003080e00000)]
  0x0000021041807a10 JavaThread "Finalizer" daemon [_thread_blocked, id=23356, stack(0x0000003080e00000,0x0000003080f00000)]
  0x000002104181f680 JavaThread "Signal Dispatcher" daemon [_thread_blocked, id=6244, stack(0x0000003080f00000,0x0000003081000000)]
  0x000002104181ff30 JavaThread "Attach Listener" daemon [_thread_blocked, id=20344, stack(0x0000003081000000,0x0000003081100000)]
  0x00000210418227f0 JavaThread "Service Thread" daemon [_thread_blocked, id=29236, stack(0x0000003081100000,0x0000003081200000)]
  0x00000210418230a0 JavaThread "Monitor Deflation Thread" daemon [_thread_blocked, id=27320, stack(0x0000003081200000,0x0000003081300000)]
  0x0000021041827180 JavaThread "C2 CompilerThread0" daemon [_thread_blocked, id=27256, stack(0x0000003081300000,0x0000003081400000)]
  0x000002104182fa80 JavaThread "C1 CompilerThread0" daemon [_thread_blocked, id=25228, stack(0x0000003081400000,0x0000003081500000)]
  0x000002104183a7c0 JavaThread "Sweeper thread" daemon [_thread_blocked, id=29548, stack(0x0000003081500000,0x0000003081600000)]
  0x0000021045cacc00 JavaThread "Common-Cleaner" daemon [_thread_blocked, id=25540, stack(0x0000003081600000,0x0000003081700000)]
  0x0000021045e8ae00 JavaThread "Monitor Ctrl-Break" daemon [_thread_in_native, id=27304, stack(0x0000003081700000,0x0000003081800000)]
  0x0000021045e8b2c0 JavaThread "Notification Thread" daemon [_thread_blocked, id=9464, stack(0x0000003081800000,0x0000003081900000)]
  0x000002104760dff0 JavaThread "Catalina-utility-1" [_thread_blocked, id=28456, stack(0x0000003082600000,0x0000003082700000)]
  0x00000210476114e0 JavaThread "Catalina-utility-2" [_thread_blocked, id=22712, stack(0x0000003082700000,0x0000003082800000)]
  0x0000021047612820 JavaThread "container-0" [_thread_blocked, id=29260, stack(0x0000003082800000,0x0000003082900000)]
  0x0000021047611010 JavaThread "HikariPool-1 housekeeper" daemon [_thread_blocked, id=25900, stack(0x0000003082a00000,0x0000003082b00000)]
  0x000002104760c7e0 JavaThread "File Watcher" daemon [_thread_blocked, id=27656, stack(0x0000003082c00000,0x0000003082d00000)]
  0x000002104760d650 JavaThread "Live Reload Server" daemon [_thread_in_native, id=28192, stack(0x0000003082e00000,0x0000003082f00000)]
  0x000002104760e990 JavaThread "http-nio-8080-exec-1" daemon [_thread_blocked, id=26168, stack(0x0000003082d00000,0x0000003082e00000)]
  0x0000021047611e80 JavaThread "http-nio-8080-exec-2" daemon [_thread_blocked, id=24256, stack(0x0000003082f00000,0x0000003083000000)]
  0x0000021047612350 JavaThread "http-nio-8080-exec-3" daemon [_thread_blocked, id=28204, stack(0x0000003083000000,0x0000003083100000)]
  0x00000210476101a0 JavaThread "http-nio-8080-exec-4" daemon [_thread_blocked, id=21748, stack(0x0000003083100000,0x0000003083200000)]
  0x000002104760ee60 JavaThread "http-nio-8080-exec-5" daemon [_thread_blocked, id=3816, stack(0x0000003083200000,0x0000003083300000)]
  0x000002104760f800 JavaThread "http-nio-8080-exec-6" daemon [_thread_blocked, id=27372, stack(0x0000003083300000,0x0000003083400000)]
  0x000002104760ccb0 JavaThread "http-nio-8080-exec-7" daemon [_thread_blocked, id=2188, stack(0x0000003083400000,0x0000003083500000)]
  0x0000021047610670 JavaThread "http-nio-8080-exec-8" daemon [_thread_blocked, id=25524, stack(0x0000003083500000,0x0000003083600000)]
  0x000002104760f330 JavaThread "http-nio-8080-exec-9" daemon [_thread_blocked, id=27880, stack(0x0000003083600000,0x0000003083700000)]
  0x0000021047612cf0 JavaThread "http-nio-8080-exec-10" daemon [_thread_blocked, id=13316, stack(0x0000003083700000,0x0000003083800000)]
  0x00000210476131c0 JavaThread "http-nio-8080-Poller" daemon [_thread_in_native, id=28480, stack(0x0000003083800000,0x0000003083900000)]
  0x0000021047613690 JavaThread "http-nio-8080-Acceptor" daemon [_thread_in_native, id=27604, stack(0x0000003083900000,0x0000003083a00000)]
  0x00000210465ed530 JavaThread "DestroyJavaVM" [_thread_blocked, id=27492, stack(0x0000003080600000,0x0000003080700000)]

Other Threads:
  0x00000210418029e0 VMThread "VM Thread" [stack: 0x0000003080c00000,0x0000003080d00000] [id=19832]
  0x0000021045f3e620 WatcherThread "VM Periodic Task Thread" [stack: 0x0000003081900000,0x0000003081a00000] [id=26940]
=>0x0000021021b0d250 WorkerThread "GC Thread#0" [stack: 0x0000003080700000,0x0000003080800000] [id=27432]
  0x000002104642db60 WorkerThread "GC Thread#1" [stack: 0x0000003081d00000,0x0000003081e00000] [id=27692]
  0x0000021046730150 WorkerThread "GC Thread#2" [stack: 0x0000003081e00000,0x0000003081f00000] [id=27504]
  0x00000210467303f0 WorkerThread "GC Thread#3" [stack: 0x0000003081f00000,0x0000003082000000] [id=20764]
  0x0000021046730b10 WorkerThread "GC Thread#4" [stack: 0x0000003082000000,0x0000003082100000] [id=27072]
  0x00000210467272f0 WorkerThread "GC Thread#5" [stack: 0x0000003082100000,0x0000003082200000] [id=15480]
  0x00000210466adbd0 WorkerThread "GC Thread#6" [stack: 0x0000003082200000,0x0000003082300000] [id=9228]
  0x0000021046421480 WorkerThread "GC Thread#7" [stack: 0x0000003082300000,0x0000003082400000] [id=12132]
  0x0000021021b1f830 ConcurrentGCThread "G1 Main Marker" [stack: 0x0000003080800000,0x0000003080900000] [id=28476]
  0x0000021021b208d0 WorkerThread "G1 Conc#0" [stack: 0x0000003080900000,0x0000003080a00000] [id=26360]
  0x00000210486bbc50 WorkerThread "G1 Conc#1" [stack: 0x0000003082500000,0x0000003082600000] [id=2224]
  0x0000021021b625d0 ConcurrentGCThread "G1 Refine#0" [stack: 0x0000003080a00000,0x0000003080b00000] [id=13348]
  0x00000210466ad470 ConcurrentGCThread "G1 Refine#1" [stack: 0x0000003082400000,0x0000003082500000] [id=29504]
  0x0000021021b62df0 ConcurrentGCThread "G1 Service" [stack: 0x0000003080b00000,0x0000003080c00000] [id=4628]

Threads with active compile tasks:

VM state: at safepoint (normal execution)

VM Mutex/Monitor currently owned by a thread:  ([mutex/lock_event])
[0x0000021021aaa600] Threads_lock - owner thread: 0x00000210418029e0
[0x0000021021aaab10] Heap_lock - owner thread: 0x0000021021b1f830

Heap address: 0x0000000084400000, size: 1980 MB, Compressed Oops mode: 32-bit

CDS archive(s) mapped at: [0x0000000800000000-0x0000000800ba0000-0x0000000800ba0000), size 12189696, SharedBaseAddress: 0x0000000800000000, ArchiveRelocationMode: 0.
Compressed class space mapped at: 0x0000000800c00000-0x0000000840c00000, reserved size: 1073741824
Narrow klass base: 0x0000000800000000, Narrow klass shift: 0, Narrow klass range: 0x100000000

GC Precious Log:
 CardTable entry size: 512
 Card Set container configuration: InlinePtr #cards 5 size 8 Array Of Cards #cards 12 size 40 Howl #buckets 4 coarsen threshold 1843 Howl Bitmap #cards 512 size 80 coarsen threshold 460 Card regions per heap region 1 cards per card region 2048
 CPUs: 8 total, 8 available
 Memory: 7914M
 Large Page Support: Disabled
 NUMA Support: Disabled
 Compressed Oops: Enabled (32-bit)
 Heap Region Size: 1M
 Heap Min Capacity: 8M
 Heap Initial Capacity: 124M
 Heap Max Capacity: 1980M
 Pre-touch: Disabled
 Parallel Workers: 8
 Concurrent Workers: 2
 Concurrent Refinement Workers: 8
 Periodic GC: Disabled

Heap:
 garbage-first heap   total 56320K, used 26458K [0x0000000084400000, 0x0000000100000000)
  region size 1024K, 2 young (2048K), 1 survivors (1024K)
 Metaspace       used 61334K, committed 62080K, reserved 1114112K
  class space    used 8038K, committed 8384K, reserved 1048576K

Heap Regions: E=young(eden), S=young(survivor), O=old, HS=humongous(starts), HC=humongous(continues), CS=collection set, F=free, OA=open archive, CA=closed archive, TAMS=top-at-mark-start (previous, next)
|   0|0x0000000084400000, 0x0000000084500000, 0x0000000084500000|100%|HS|  |TAMS 0x0000000084500000, 0x0000000084500000| Complete 
|   1|0x0000000084500000, 0x0000000084600000, 0x0000000084600000|100%| O|  |TAMS 0x0000000084600000, 0x0000000084600000| Untracked 
|   2|0x0000000084600000, 0x0000000084700000, 0x0000000084700000|100%| O|  |TAMS 0x0000000084700000, 0x0000000084700000| Untracked 
|   3|0x0000000084700000, 0x0000000084800000, 0x0000000084800000|100%| O|  |TAMS 0x0000000084800000, 0x0000000084800000| Untracked 
|   4|0x0000000084800000, 0x0000000084900000, 0x0000000084900000|100%| O|  |TAMS 0x0000000084900000, 0x0000000084900000| Untracked 
|   5|0x0000000084900000, 0x0000000084a00000, 0x0000000084a00000|100%| O|  |TAMS 0x0000000084a00000, 0x0000000084a00000| Untracked 
|   6|0x0000000084a00000, 0x0000000084b00000, 0x0000000084b00000|100%| O|  |TAMS 0x0000000084b00000, 0x0000000084b00000| Untracked 
|   7|0x0000000084b00000, 0x0000000084b00000, 0x0000000084c00000|  0%| F|  |TAMS 0x0000000084b00000, 0x0000000084b00000| Untracked 
|   8|0x0000000084c00000, 0x0000000084d00000, 0x0000000084d00000|100%| O|  |TAMS 0x0000000084d00000, 0x0000000084d00000| Untracked 
|   9|0x0000000084d00000, 0x0000000084e00000, 0x0000000084e00000|100%| O|  |TAMS 0x0000000084e00000, 0x0000000084e00000| Untracked 
|  10|0x0000000084e00000, 0x0000000084f00000, 0x0000000084f00000|100%| O|  |TAMS 0x0000000084f00000, 0x0000000084f00000| Untracked 
|  11|0x0000000084f00000, 0x0000000085000000, 0x0000000085000000|100%| O|  |TAMS 0x0000000085000000, 0x0000000085000000| Untracked 
|  12|0x0000000085000000, 0x0000000085100000, 0x0000000085100000|100%| O|  |TAMS 0x0000000085100000, 0x0000000085100000| Untracked 
|  13|0x0000000085100000, 0x0000000085200000, 0x0000000085200000|100%| O|  |TAMS 0x0000000085100000, 0x0000000085200000| Untracked 
|  14|0x0000000085200000, 0x0000000085300000, 0x0000000085300000|100%| O|  |TAMS 0x0000000085300000, 0x0000000085300000| Untracked 
|  15|0x0000000085300000, 0x0000000085400000, 0x0000000085400000|100%| O|  |TAMS 0x0000000085400000, 0x0000000085400000| Untracked 
|  16|0x0000000085400000, 0x0000000085500000, 0x0000000085500000|100%| O|  |TAMS 0x0000000085500000, 0x0000000085500000| Untracked 
|  17|0x0000000085500000, 0x0000000085600000, 0x0000000085600000|100%| O|  |TAMS 0x0000000085600000, 0x0000000085600000| Untracked 
|  18|0x0000000085600000, 0x0000000085700000, 0x0000000085700000|100%| O|  |TAMS 0x0000000085700000, 0x0000000085700000| Untracked 
|  19|0x0000000085700000, 0x0000000085800000, 0x0000000085800000|100%| O|  |TAMS 0x00000000857e2800, 0x0000000085800000| Untracked 
|  20|0x0000000085800000, 0x0000000085843200, 0x0000000085900000| 26%| O|  |TAMS 0x0000000085800000, 0x0000000085843200| Untracked 
|  21|0x0000000085900000, 0x0000000085900000, 0x0000000085a00000|  0%| F|  |TAMS 0x0000000085900000, 0x0000000085900000| Untracked 
|  22|0x0000000085a00000, 0x0000000085b00000, 0x0000000085b00000|100%| O|  |TAMS 0x0000000085b00000, 0x0000000085b00000| Untracked 
|  23|0x0000000085b00000, 0x0000000085c00000, 0x0000000085c00000|100%| O|  |TAMS 0x0000000085c00000, 0x0000000085c00000| Untracked 
|  24|0x0000000085c00000, 0x0000000085c00000, 0x0000000085d00000|  0%| F|  |TAMS 0x0000000085c00000, 0x0000000085c00000| Untracked 
|  25|0x0000000085d00000, 0x0000000085d00000, 0x0000000085e00000|  0%| F|  |TAMS 0x0000000085d00000, 0x0000000085d00000| Untracked 
|  26|0x0000000085e00000, 0x0000000085f00000, 0x0000000085f00000|100%| O|  |TAMS 0x0000000085f00000, 0x0000000085f00000| Untracked 
|  27|0x0000000085f00000, 0x0000000085f00000, 0x0000000086000000|  0%| F|  |TAMS 0x0000000085f00000, 0x0000000085f00000| Untracked 
|  28|0x0000000086000000, 0x0000000086100000, 0x0000000086100000|100%| O|  |TAMS 0x0000000086100000, 0x0000000086100000| Untracked 
|  29|0x0000000086100000, 0x0000000086200000, 0x0000000086200000|100%| O|  |TAMS 0x0000000086200000, 0x0000000086200000| Untracked 
|  30|0x0000000086200000, 0x0000000086300000, 0x0000000086300000|100%| O|  |TAMS 0x0000000086300000, 0x0000000086300000| Untracked 
|  31|0x0000000086300000, 0x0000000086300000, 0x0000000086400000|  0%| F|  |TAMS 0x0000000086300000, 0x0000000086300000| Untracked 
|  32|0x0000000086400000, 0x0000000086493628, 0x0000000086500000| 57%| S|CS|TAMS 0x0000000086400000, 0x0000000086400000| Complete 
|  33|0x0000000086500000, 0x0000000086500000, 0x0000000086600000|  0%| F|  |TAMS 0x0000000086500000, 0x0000000086500000| Untracked 
|  34|0x0000000086600000, 0x0000000086600000, 0x0000000086700000|  0%| F|  |TAMS 0x0000000086600000, 0x0000000086600000| Untracked 
|  35|0x0000000086700000, 0x0000000086700000, 0x0000000086800000|  0%| F|  |TAMS 0x0000000086700000, 0x0000000086700000| Untracked 
|  36|0x0000000086800000, 0x0000000086800000, 0x0000000086900000|  0%| F|  |TAMS 0x0000000086800000, 0x0000000086800000| Untracked 
|  37|0x0000000086900000, 0x0000000086900000, 0x0000000086a00000|  0%| F|  |TAMS 0x0000000086900000, 0x0000000086900000| Untracked 
|  38|0x0000000086a00000, 0x0000000086a00000, 0x0000000086b00000|  0%| F|  |TAMS 0x0000000086a00000, 0x0000000086a00000| Untracked 
|  39|0x0000000086b00000, 0x0000000086b00000, 0x0000000086c00000|  0%| F|  |TAMS 0x0000000086b00000, 0x0000000086b00000| Untracked 
|  40|0x0000000086c00000, 0x0000000086c00000, 0x0000000086d00000|  0%| F|  |TAMS 0x0000000086c00000, 0x0000000086c00000| Untracked 
|  41|0x0000000086d00000, 0x0000000086d00000, 0x0000000086e00000|  0%| F|  |TAMS 0x0000000086d00000, 0x0000000086d00000| Untracked 
|  42|0x0000000086e00000, 0x0000000086e00000, 0x0000000086f00000|  0%| F|  |TAMS 0x0000000086e00000, 0x0000000086e00000| Untracked 
|  43|0x0000000086f00000, 0x0000000086f00000, 0x0000000087000000|  0%| F|  |TAMS 0x0000000086f00000, 0x0000000086f00000| Untracked 
|  44|0x0000000087000000, 0x0000000087000000, 0x0000000087100000|  0%| F|  |TAMS 0x0000000087000000, 0x0000000087000000| Untracked 
|  45|0x0000000087100000, 0x0000000087100000, 0x0000000087200000|  0%| F|  |TAMS 0x0000000087100000, 0x0000000087100000| Untracked 
|  46|0x0000000087200000, 0x0000000087200000, 0x0000000087300000|  0%| F|  |TAMS 0x0000000087200000, 0x0000000087200000| Untracked 
|  47|0x0000000087300000, 0x0000000087300000, 0x0000000087400000|  0%| F|  |TAMS 0x0000000087300000, 0x0000000087300000| Untracked 
|  48|0x0000000087400000, 0x0000000087400000, 0x0000000087500000|  0%| F|  |TAMS 0x0000000087400000, 0x0000000087400000| Untracked 
|  66|0x0000000088600000, 0x0000000088600000, 0x0000000088700000|  0%| F|  |TAMS 0x0000000088600000, 0x0000000088600000| Untracked 
|  67|0x0000000088700000, 0x0000000088700000, 0x0000000088800000|  0%| F|  |TAMS 0x0000000088700000, 0x0000000088700000| Untracked 
|  68|0x0000000088800000, 0x0000000088800000, 0x0000000088900000|  0%| F|  |TAMS 0x0000000088800000, 0x0000000088800000| Untracked 
|  69|0x0000000088900000, 0x0000000088900000, 0x0000000088a00000|  0%| F|  |TAMS 0x0000000088900000, 0x0000000088900000| Untracked 
|  70|0x0000000088a00000, 0x0000000088a00000, 0x0000000088b00000|  0%| F|  |TAMS 0x0000000088a00000, 0x0000000088a00000| Untracked 
| 123|0x000000008bf00000, 0x000000008bf62048, 0x000000008c000000| 38%| E|  |TAMS 0x000000008bf00000, 0x000000008bf00000| Complete 

Card table byte_map: [0x000002103a9f0000,0x000002103add0000] _byte_map_base: 0x000002103a5ce000

Marking Bits (Prev, Next): (CMBitMap*) 0x0000021021b0e7b0, (CMBitMap*) 0x0000021021b0e770
 Prev Bits: [0x000002103d0a0000, 0x000002103ef90000)
 Next Bits: [0x000002103b1b0000, 0x000002103d0a0000)

Polling page: 0x0000021021b70000

Metaspace:

Usage:
  Non-class:     52.05 MB used.
      Class:      7.85 MB used.
       Both:     59.90 MB used.

Virtual space:
  Non-class space:       64.00 MB reserved,      52.44 MB ( 82%) committed,  1 nodes.
      Class space:        1.00 GB reserved,       8.19 MB ( <1%) committed,  1 nodes.
             Both:        1.06 GB reserved,      60.62 MB (  6%) committed. 

Chunk freelists:
   Non-Class:  3.76 MB
       Class:  3.94 MB
        Both:  7.70 MB

MaxMetaspaceSize: unlimited
CompressedClassSpaceSize: 1.00 GB
Initial GC threshold: 21.00 MB
Current GC threshold: 100.94 MB
CDS: on
MetaspaceReclaimPolicy: balanced
 - commit_granule_bytes: 65536.
 - commit_granule_words: 8192.
 - virtual_space_node_default_size: 8388608.
 - enlarge_chunks_in_place: 1.
 - new_chunks_are_fully_committed: 0.
 - uncommit_free_chunks: 1.
 - use_allocation_guard: 0.


Internal statistics:

num_allocs_failed_limit: 6.
num_arena_births: 768.
num_arena_deaths: 272.
num_vsnodes_births: 2.
num_vsnodes_deaths: 0.
num_space_committed: 970.
num_space_uncommitted: 0.
num_chunks_returned_to_freelist: 311.
num_chunks_taken_from_freelist: 3096.
num_chunk_merges: 99.
num_chunk_splits: 2157.
num_chunks_enlarged: 1686.
num_inconsistent_stats: 0.

CodeHeap 'non-profiled nmethods': size=120000Kb used=4981Kb max_used=4981Kb free=115018Kb
 bounds [0x0000021032670000, 0x0000021032b50000, 0x0000021039ba0000]
CodeHeap 'profiled nmethods': size=120000Kb used=15772Kb max_used=15772Kb free=104227Kb
 bounds [0x000002102b140000, 0x000002102c0b0000, 0x0000021032670000]
CodeHeap 'non-nmethods': size=5760Kb used=1330Kb max_used=1390Kb free=4430Kb
 bounds [0x000002102aba0000, 0x000002102ae10000, 0x000002102b140000]
 total_blobs=8124 nmethods=7488 adapters=548
 compilation: enabled
              stopped_count=0, restarted_count=0
 full_count=0

Compilation events (20 events):
Event: 24047.955 Thread 0x000002104182fa80 8347       3       java.lang.StringLatin1$CharsSpliterator::forEachRemaining (72 bytes)
Event: 24047.958 Thread 0x000002104182fa80 nmethod 8347 0x000002102c09ef90 code [0x000002102c09f160, 0x000002102c09f5f8]
Event: 24048.126 Thread 0x000002104182fa80 8348       3       org.postgresql.shaded.com.ongres.scram.common.ScramFunctions::hmac (9 bytes)
Event: 24048.133 Thread 0x000002104182fa80 nmethod 8348 0x000002102c09f790 code [0x000002102c09f940, 0x000002102c09fac8]
Event: 24048.133 Thread 0x000002104182fa80 8349   !   3       org.postgresql.shaded.com.ongres.scram.common.ScramMechanisms::hmac (60 bytes)
Event: 24048.152 Thread 0x000002104182fa80 nmethod 8349 0x000002102c09fc10 code [0x000002102c09fee0, 0x000002102c0a0a88]
Event: 24048.152 Thread 0x000002104182fa80 8350       3       javax.crypto.spec.SecretKeySpec::<init> (54 bytes)
Event: 24048.157 Thread 0x000002104182fa80 nmethod 8350 0x000002102c0a1090 code [0x000002102c0a1280, 0x000002102c0a18a8]
Event: 24048.157 Thread 0x000002104182fa80 8351       3       javax.crypto.Mac::getInstance (96 bytes)
Event: 24048.163 Thread 0x000002104182fa80 nmethod 8351 0x000002102c0a1a90 code [0x000002102c0a1dc0, 0x000002102c0a3028]
Event: 24048.163 Thread 0x000002104182fa80 8352       3       javax.crypto.Mac::<init> (36 bytes)
Event: 24048.163 Thread 0x000002104182fa80 nmethod 8352 0x000002102c0a3610 code [0x000002102c0a37c0, 0x000002102c0a3b58]
Event: 24048.163 Thread 0x000002104182fa80 8353   !   3       org.postgresql.shaded.com.ongres.scram.common.util.CryptoUtil::hmac (25 bytes)
Event: 24048.164 Thread 0x000002104182fa80 nmethod 8353 0x000002102c0a3c90 code [0x000002102c0a3ea0, 0x000002102c0a42d8]
Event: 24048.214 Thread 0x000002104182fa80 8354   !   3       java.util.concurrent.LinkedBlockingQueue::poll (128 bytes)
Event: 24048.238 Thread 0x000002104182fa80 nmethod 8354 0x000002102c0a4510 code [0x000002102c0a4900, 0x000002102c0a6678]
Event: 24048.428 Thread 0x0000021041827180 8355       4       java.lang.CharacterDataLatin1::digit (32 bytes)
Event: 24048.467 Thread 0x0000021041827180 nmethod 8355 0x0000021032b4cf10 code [0x0000021032b4d080, 0x0000021032b4d158]
Event: 24048.533 Thread 0x0000021041827180 8356   !   4       org.postgresql.core.VisibleBufferedInputStream::readMore (146 bytes)
Event: 24048.547 Thread 0x0000021041827180 nmethod 8356 0x0000021032b4d210 code [0x0000021032b4d3a0, 0x0000021032b4d598]

GC Heap History (20 events):
Event: 16151.390 GC heap before
{Heap before GC invocations=60 (full 0):
 garbage-first heap   total 56320K, used 47108K [0x0000000084400000, 0x0000000100000000)
  region size 1024K, 23 young (23552K), 1 survivors (1024K)
 Metaspace       used 61305K, committed 62080K, reserved 1114112K
  class space    used 8038K, committed 8384K, reserved 1048576K
}
Event: 16151.422 GC heap after
{Heap after GC invocations=61 (full 0):
 garbage-first heap   total 56320K, used 26179K [0x0000000084400000, 0x0000000100000000)
  region size 1024K, 1 young (1024K), 1 survivors (1024K)
 Metaspace       used 61305K, committed 62080K, reserved 1114112K
  class space    used 8038K, committed 8384K, reserved 1048576K
}
Event: 16688.862 GC heap before
{Heap before GC invocations=62 (full 0):
 garbage-first heap   total 56320K, used 47683K [0x0000000084400000, 0x0000000100000000)
  region size 1024K, 22 young (22528K), 1 survivors (1024K)
 Metaspace       used 61305K, committed 62080K, reserved 1114112K
  class space    used 8038K, committed 8384K, reserved 1048576K
}
Event: 16688.917 GC heap after
{Heap after GC invocations=63 (full 0):
 garbage-first heap   total 56320K, used 26221K [0x0000000084400000, 0x0000000100000000)
  region size 1024K, 1 young (1024K), 1 survivors (1024K)
 Metaspace       used 61305K, committed 62080K, reserved 1114112K
  class space    used 8038K, committed 8384K, reserved 1048576K
}
Event: 16714.837 GC heap before
{Heap before GC invocations=63 (full 0):
 garbage-first heap   total 56320K, used 27245K [0x0000000084400000, 0x0000000100000000)
  region size 1024K, 2 young (2048K), 1 survivors (1024K)
 Metaspace       used 61305K, committed 62080K, reserved 1114112K
  class space    used 8038K, committed 8384K, reserved 1048576K
}
Event: 16714.908 GC heap after
{Heap after GC invocations=64 (full 0):
 garbage-first heap   total 56320K, used 26080K [0x0000000084400000, 0x0000000100000000)
  region size 1024K, 1 young (1024K), 1 survivors (1024K)
 Metaspace       used 61305K, committed 62080K, reserved 1114112K
  class space    used 8038K, committed 8384K, reserved 1048576K
}
Event: 17216.403 GC heap before
{Heap before GC invocations=64 (full 0):
 garbage-first heap   total 56320K, used 46560K [0x0000000084400000, 0x0000000100000000)
  region size 1024K, 21 young (21504K), 1 survivors (1024K)
 Metaspace       used 61305K, committed 62080K, reserved 1114112K
  class space    used 8038K, committed 8384K, reserved 1048576K
}
Event: 17216.515 GC heap after
{Heap after GC invocations=65 (full 0):
 garbage-first heap   total 56320K, used 26061K [0x0000000084400000, 0x0000000100000000)
  region size 1024K, 1 young (1024K), 1 survivors (1024K)
 Metaspace       used 61305K, committed 62080K, reserved 1114112K
  class space    used 8038K, committed 8384K, reserved 1048576K
}
Event: 17756.226 GC heap before
{Heap before GC invocations=66 (full 0):
 garbage-first heap   total 56320K, used 47565K [0x0000000084400000, 0x0000000100000000)
  region size 1024K, 22 young (22528K), 1 survivors (1024K)
 Metaspace       used 61305K, committed 62080K, reserved 1114112K
  class space    used 8038K, committed 8384K, reserved 1048576K
}
Event: 17756.279 GC heap after
{Heap after GC invocations=67 (full 0):
 garbage-first heap   total 56320K, used 26051K [0x0000000084400000, 0x0000000100000000)
  region size 1024K, 1 young (1024K), 1 survivors (1024K)
 Metaspace       used 61305K, committed 62080K, reserved 1114112K
  class space    used 8038K, committed 8384K, reserved 1048576K
}
Event: 17779.731 GC heap before
{Heap before GC invocations=67 (full 0):
 garbage-first heap   total 56320K, used 27075K [0x0000000084400000, 0x0000000100000000)
  region size 1024K, 2 young (2048K), 1 survivors (1024K)
 Metaspace       used 61305K, committed 62080K, reserved 1114112K
  class space    used 8038K, committed 8384K, reserved 1048576K
}
Event: 17779.843 GC heap after
{Heap after GC invocations=68 (full 0):
 garbage-first heap   total 56320K, used 25528K [0x0000000084400000, 0x0000000100000000)
  region size 1024K, 1 young (1024K), 1 survivors (1024K)
 Metaspace       used 61305K, committed 62080K, reserved 1114112K
  class space    used 8038K, committed 8384K, reserved 1048576K
}
Event: 18248.321 GC heap before
{Heap before GC invocations=68 (full 0):
 garbage-first heap   total 56320K, used 48056K [0x0000000084400000, 0x0000000100000000)
  region size 1024K, 23 young (23552K), 1 survivors (1024K)
 Metaspace       used 61321K, committed 62080K, reserved 1114112K
  class space    used 8038K, committed 8384K, reserved 1048576K
}
Event: 18248.478 GC heap after
{Heap after GC invocations=69 (full 0):
 garbage-first heap   total 56320K, used 26074K [0x0000000084400000, 0x0000000100000000)
  region size 1024K, 1 young (1024K), 1 survivors (1024K)
 Metaspace       used 61321K, committed 62080K, reserved 1114112K
  class space    used 8038K, committed 8384K, reserved 1048576K
}
Event: 18792.827 GC heap before
{Heap before GC invocations=70 (full 0):
 garbage-first heap   total 56320K, used 47578K [0x0000000084400000, 0x0000000100000000)
  region size 1024K, 22 young (22528K), 1 survivors (1024K)
 Metaspace       used 61321K, committed 62080K, reserved 1114112K
  class space    used 8038K, committed 8384K, reserved 1048576K
}
Event: 18792.890 GC heap after
{Heap after GC invocations=71 (full 0):
 garbage-first heap   total 56320K, used 26090K [0x0000000084400000, 0x0000000100000000)
  region size 1024K, 1 young (1024K), 1 survivors (1024K)
 Metaspace       used 61321K, committed 62080K, reserved 1114112K
  class space    used 8038K, committed 8384K, reserved 1048576K
}
Event: 18817.204 GC heap before
{Heap before GC invocations=71 (full 0):
 garbage-first heap   total 56320K, used 27114K [0x0000000084400000, 0x0000000100000000)
  region size 1024K, 2 young (2048K), 1 survivors (1024K)
 Metaspace       used 61321K, committed 62080K, reserved 1114112K
  class space    used 8038K, committed 8384K, reserved 1048576K
}
Event: 18817.262 GC heap after
{Heap after GC invocations=72 (full 0):
 garbage-first heap   total 56320K, used 25899K [0x0000000084400000, 0x0000000100000000)
  region size 1024K, 1 young (1024K), 1 survivors (1024K)
 Metaspace       used 61321K, committed 62080K, reserved 1114112K
  class space    used 8038K, committed 8384K, reserved 1048576K
}
Event: 24208.475 GC heap before
{Heap before GC invocations=72 (full 0):
 garbage-first heap   total 56320K, used 47403K [0x0000000084400000, 0x0000000100000000)
  region size 1024K, 22 young (22528K), 1 survivors (1024K)
 Metaspace       used 61334K, committed 62080K, reserved 1114112K
  class space    used 8038K, committed 8384K, reserved 1048576K
}
Event: 24208.602 GC heap after
{Heap after GC invocations=73 (full 0):
 garbage-first heap   total 56320K, used 26458K [0x0000000084400000, 0x0000000100000000)
  region size 1024K, 1 young (1024K), 1 survivors (1024K)
 Metaspace       used 61334K, committed 62080K, reserved 1114112K
  class space    used 8038K, committed 8384K, reserved 1048576K
}

Deoptimization events (20 events):
Event: 5305.906 Thread 0x000002104851a450 Uncommon trap: trap_request=0xfffffff4 fr.pc=0x00000210327d75cc relative=0x000000000000012c
Event: 5305.906 Thread 0x000002104851a450 Uncommon trap: reason=null_check action=make_not_entrant pc=0x00000210327d75cc method=java.lang.Class.reflectionData()Ljava/lang/Class$ReflectionData; @ 18 c2
Event: 5305.906 Thread 0x000002104851a450 DEOPT PACKING pc=0x00000210327d75cc sp=0x00000030804fe400
Event: 5305.906 Thread 0x000002104851a450 DEOPT UNPACKING pc=0x000002102abf5c23 sp=0x00000030804fe3b0 mode 2
Event: 5305.968 Thread 0x000002104851a450 Uncommon trap: trap_request=0xffffff45 fr.pc=0x00000210326b985c relative=0x000000000000005c
Event: 5305.968 Thread 0x000002104851a450 Uncommon trap: reason=unstable_if action=reinterpret pc=0x00000210326b985c method=java.lang.ref.ReferenceQueue.poll()Ljava/lang/ref/Reference; @ 4 c2
Event: 5305.968 Thread 0x000002104851a450 DEOPT PACKING pc=0x00000210326b985c sp=0x00000030804fe820
Event: 5305.969 Thread 0x000002104851a450 DEOPT UNPACKING pc=0x000002102abf5c23 sp=0x00000030804fe7b0 mode 2
Event: 5305.981 Thread 0x000002104851a450 Uncommon trap: trap_request=0xfffffff4 fr.pc=0x0000021032850328 relative=0x0000000000000468
Event: 5305.981 Thread 0x000002104851a450 Uncommon trap: reason=null_check action=make_not_entrant pc=0x0000021032850328 method=java.lang.Class.reflectionData()Ljava/lang/Class$ReflectionData; @ 18 c2
Event: 5305.981 Thread 0x000002104851a450 DEOPT PACKING pc=0x0000021032850328 sp=0x00000030804fde40
Event: 5305.981 Thread 0x000002104851a450 DEOPT UNPACKING pc=0x000002102abf5c23 sp=0x00000030804fdd98 mode 2
Event: 14510.219 Thread 0x000002104760dff0 Uncommon trap: trap_request=0xffffff45 fr.pc=0x0000021032ac4b04 relative=0x0000000000000084
Event: 14510.223 Thread 0x000002104760dff0 Uncommon trap: reason=unstable_if action=reinterpret pc=0x0000021032ac4b04 method=jdk.internal.misc.Unsafe.getAndBitwiseAndInt(Ljava/lang/Object;JI)I @ 21 c2
Event: 14510.227 Thread 0x000002104760dff0 DEOPT PACKING pc=0x0000021032ac4b04 sp=0x00000030826fee70
Event: 14510.234 Thread 0x000002104760dff0 DEOPT UNPACKING pc=0x000002102abf5c23 sp=0x00000030826fed78 mode 2
Event: 16116.212 Thread 0x0000021048518770 Uncommon trap: trap_request=0xfffffff4 fr.pc=0x000002103288de10 relative=0x00000000000068d0
Event: 16116.216 Thread 0x0000021048518770 Uncommon trap: reason=null_check action=make_not_entrant pc=0x000002103288de10 method=java.util.jar.JarFile.getManifestFromReference()Ljava/util/jar/Manifest; @ 14 c2
Event: 16116.217 Thread 0x0000021048518770 DEOPT PACKING pc=0x000002103288de10 sp=0x00000030804f9fa0
Event: 16116.222 Thread 0x0000021048518770 DEOPT UNPACKING pc=0x000002102abf5c23 sp=0x00000030804f9df0 mode 2

Classes loaded (20 events):
Event: 42.633 Loading class java/lang/Throwable$PrintStreamOrWriter done
Event: 42.633 Loading class java/lang/Throwable$WrappedPrintWriter done
Event: 42.850 Loading class java/util/concurrent/atomic/AtomicReferenceArray
Event: 42.851 Loading class java/util/concurrent/atomic/AtomicReferenceArray done
Event: 112.513 Loading class java/io/FileOutputStream$1
Event: 112.514 Loading class java/io/FileOutputStream$1 done
Event: 158.199 Loading class org/w3c/dom/Document
Event: 158.200 Loading class org/w3c/dom/Document done
Event: 158.395 Loading class sun/reflect/annotation/TypeAnnotation$TypeAnnotationTargetInfo
Event: 158.395 Loading class sun/reflect/annotation/TypeAnnotation$TypeAnnotationTargetInfo done
Event: 158.518 Loading class java/lang/ObjectCustomizer
Event: 158.518 Loading class java/lang/ObjectCustomizer done
Event: 158.520 Loading class java/lang/ObjectCustomizer
Event: 158.520 Loading class java/lang/ObjectCustomizer done
Event: 227.472 Loading class java/util/ArrayList$SubList$2
Event: 227.473 Loading class java/util/ArrayList$SubList$2 done
Event: 312.094 Loading class java/text/MessageFormat$Field
Event: 312.101 Loading class java/text/MessageFormat$Field done
Event: 312.510 Loading class sun/reflect/Reflection
Event: 312.510 Loading class sun/reflect/Reflection done

Classes unloaded (20 events):
Event: 2259.380 Thread 0x00000210418029e0 Unloading class 0x0000000800d11800 'java/lang/invoke/LambdaForm$MH+0x0000000800d11800'
Event: 2259.380 Thread 0x00000210418029e0 Unloading class 0x0000000800d11000 'java/lang/invoke/LambdaForm$MH+0x0000000800d11000'
Event: 2259.381 Thread 0x00000210418029e0 Unloading class 0x0000000800cb9000 'java/lang/invoke/LambdaForm$MH+0x0000000800cb9000'
Event: 2259.382 Thread 0x00000210418029e0 Unloading class 0x0000000800cb8c00 'java/lang/invoke/LambdaForm$MH+0x0000000800cb8c00'
Event: 2259.382 Thread 0x00000210418029e0 Unloading class 0x0000000800cb8800 'java/lang/invoke/LambdaForm$MH+0x0000000800cb8800'
Event: 2259.382 Thread 0x00000210418029e0 Unloading class 0x0000000800c85800 'java/lang/invoke/LambdaForm$MH+0x0000000800c85800'
Event: 2259.382 Thread 0x00000210418029e0 Unloading class 0x0000000800c85400 'java/lang/invoke/LambdaForm$MH+0x0000000800c85400'
Event: 2259.383 Thread 0x00000210418029e0 Unloading class 0x0000000800c3c000 'java/lang/invoke/LambdaForm$MH+0x0000000800c3c000'
Event: 2259.383 Thread 0x00000210418029e0 Unloading class 0x0000000800c35000 'java/lang/invoke/LambdaForm$MH+0x0000000800c35000'
Event: 2259.384 Thread 0x00000210418029e0 Unloading class 0x0000000800c10000 'java/lang/invoke/LambdaForm$MH+0x0000000800c10000'
Event: 2259.385 Thread 0x00000210418029e0 Unloading class 0x0000000800c02400 'java/lang/invoke/LambdaForm$MH+0x0000000800c02400'
Event: 2259.385 Thread 0x00000210418029e0 Unloading class 0x0000000800c02000 'java/lang/invoke/LambdaForm$MH+0x0000000800c02000'
Event: 2259.385 Thread 0x00000210418029e0 Unloading class 0x0000000800c01c00 'java/lang/invoke/LambdaForm$MH+0x0000000800c01c00'
Event: 2259.385 Thread 0x00000210418029e0 Unloading class 0x0000000800c01400 'java/lang/invoke/LambdaForm$MH+0x0000000800c01400'
Event: 3252.731 Thread 0x00000210418029e0 Unloading class 0x0000000801415c00 'java/lang/invoke/LambdaForm$MH+0x0000000801415c00'
Event: 3252.731 Thread 0x00000210418029e0 Unloading class 0x0000000801415800 'java/lang/invoke/LambdaForm$MH+0x0000000801415800'
Event: 3252.731 Thread 0x00000210418029e0 Unloading class 0x0000000801415400 'java/lang/invoke/LambdaForm$BMH+0x0000000801415400'
Event: 3252.732 Thread 0x00000210418029e0 Unloading class 0x00000008013fc000 'java/lang/invoke/LambdaForm$MH+0x00000008013fc000'
Event: 15137.990 Thread 0x00000210418029e0 Unloading class 0x00000008013fc000 'java/lang/invoke/LambdaForm$MH+0x00000008013fc000'
Event: 24209.118 Thread 0x00000210418029e0 Unloading class 0x00000008013fc000 'java/lang/invoke/LambdaForm$MH+0x00000008013fc000'

Classes redefined (0 events):
No events

Internal exceptions (20 events):
Event: 12.446 Thread 0x00000210465ed530 Exception <a 'java/lang/ClassNotFoundException'{0x00000000872062b0}: java/lang/ObjectCustomizer> (0x00000000872062b0) 
thrown [t:\workspace\open\src\hotspot\share\classfile\systemDictionary.cpp, line 255]
Event: 12.447 Thread 0x00000210465ed530 Exception <a 'java/lang/ClassNotFoundException'{0x000000008720dd70}: com/amalstack/api/notebooks/model/PageCustomizer> (0x000000008720dd70) 
thrown [t:\workspace\open\src\hotspot\share\classfile\systemDictionary.cpp, line 255]
Event: 12.717 Thread 0x00000210465ed530 Exception <a 'java/lang/NoSuchMethodError'{0x000000008714e468}: 'java.lang.Object java.lang.invoke.DirectMethodHandle$Holder.invokeStaticInit(java.lang.Object, java.lang.Object, java.lang.Object, java.lang.Object, java.lang.Object, java.lang.Object)'> (0x000000008714e468) 
thrown [t:\workspace\open\src\hotspot\share\interpreter\linkResolver.cpp, line 766]
Event: 13.495 Thread 0x00000210465ed530 Implicit null exception at 0x000002103299ffd2 to 0x00000210329a019c
Event: 14.315 Thread 0x00000210465ed530 Implicit null exception at 0x00000210329b840f to 0x00000210329b9120
Event: 14.315 Thread 0x00000210465ed530 Implicit null exception at 0x00000210329b840f to 0x00000210329b9120
Event: 14.315 Thread 0x00000210465ed530 Implicit null exception at 0x00000210329b840f to 0x00000210329b9120
Event: 14.317 Thread 0x00000210465ed530 Implicit null exception at 0x00000210329b840f to 0x00000210329b9120
Event: 158.180 Thread 0x000002104760f800 Exception <a 'java/lang/NoSuchMethodError'{0x0000000086b5e778}: method resolution failed> (0x0000000086b5e778) 
thrown [t:\workspace\open\src\hotspot\share\prims\methodHandles.cpp, line 1264]
Event: 158.320 Thread 0x000002104760f800 Exception <a 'java/lang/NoSuchMethodError'{0x000000008bf6f5d0}: 'long java.lang.invoke.DirectMethodHandle$Holder.invokeStatic(java.lang.Object, java.lang.Object, int)'> (0x000000008bf6f5d0) 
thrown [t:\workspace\open\src\hotspot\share\interpreter\linkResolver.cpp, line 766]
Event: 158.325 Thread 0x000002104760f800 Exception <a 'java/lang/NoSuchMethodError'{0x000000008bf7e780}: 'java.lang.Object java.lang.invoke.DelegatingMethodHandle$Holder.reinvoke_L(java.lang.Object, long, long, java.lang.Object, java.lang.Object)'> (0x000000008bf7e780) 
thrown [t:\workspace\open\src\hotspot\share\interpreter\linkResolver.cpp, line 766]
Event: 158.445 Thread 0x000002104760f800 Exception <a 'java/lang/NoSuchMethodError'{0x0000000088919d08}: 'java.lang.Object java.lang.invoke.DirectMethodHandle$Holder.newInvokeSpecial(java.lang.Object, java.lang.Object, java.lang.Object, java.lang.Object, java.lang.Object, java.lang.Object, java.lang.Object)'> (0x0000000088919d08) 
thrown [t:\workspace\open\src\hotspot\share\interpreter\linkResolver.cpp, line 766]
Event: 158.445 Thread 0x000002104760f800 Exception <a 'java/lang/NoSuchMethodError'{0x000000008891eb70}: 'java.lang.Object java.lang.invoke.Invokers$Holder.linkToTargetMethod(java.lang.Object, java.lang.Object, java.lang.Object, java.lang.Object, java.lang.Object, java.lang.Object, java.lang.Object)'> (0x000000008891eb70) 
thrown [t:\workspace\open\src\hotspot\share\interpreter\linkResolver.cpp, line 766]
Event: 158.520 Thread 0x000002104760f800 Exception <a 'java/lang/ClassNotFoundException'{0x00000000889da468}: java/lang/ObjectCustomizer> (0x00000000889da468) 
thrown [t:\workspace\open\src\hotspot\share\classfile\systemDictionary.cpp, line 255]
Event: 158.523 Thread 0x000002104760f800 Exception <a 'java/lang/ClassNotFoundException'{0x00000000889e7910}: com/amalstack/api/notebooks/model/NotebookCustomizer> (0x00000000889e7910) 
thrown [t:\workspace\open\src\hotspot\share\classfile\systemDictionary.cpp, line 255]
Event: 227.469 Thread 0x000002104760f330 Exception <a 'java/lang/NoSuchMethodError'{0x0000000087446d90}: 'java.lang.Object java.lang.invoke.DirectMethodHandle$Holder.invokeStatic(java.lang.Object, int, int)'> (0x0000000087446d90) 
thrown [t:\workspace\open\src\hotspot\share\interpreter\linkResolver.cpp, line 766]
Event: 312.510 Thread 0x0000021047612350 Exception <a 'java/lang/NoClassDefFoundError'{0x0000000087099460}: sun/reflect/Reflection> (0x0000000087099460) 
thrown [t:\workspace\open\src\hotspot\share\classfile\systemDictionary.cpp, line 244]
Event: 5305.906 Thread 0x000002104851a450 Implicit null exception at 0x00000210327d74e3 to 0x00000210327d75b5
Event: 5305.981 Thread 0x000002104851a450 Implicit null exception at 0x000002103284ff12 to 0x0000021032850304
Event: 16116.211 Thread 0x0000021048518770 Implicit null exception at 0x00000210328883f8 to 0x000002103288ddec

VM Operations (20 events):
Event: 17922.452 Executing VM operation: Cleanup done
Event: 18248.298 Executing VM operation: G1CollectForAllocation
Event: 18248.486 Executing VM operation: G1CollectForAllocation done
Event: 18249.437 Executing VM operation: G1Concurrent
Event: 18249.875 Executing VM operation: G1Concurrent done
Event: 18249.922 Executing VM operation: G1Concurrent
Event: 18249.922 Executing VM operation: G1Concurrent done
Event: 18252.932 Executing VM operation: Cleanup
Event: 18252.932 Executing VM operation: Cleanup done
Event: 18792.814 Executing VM operation: G1CollectForAllocation
Event: 18792.890 Executing VM operation: G1CollectForAllocation done
Event: 18817.204 Executing VM operation: G1CollectForAllocation
Event: 18817.262 Executing VM operation: G1CollectForAllocation done
Event: 24047.310 Executing VM operation: Cleanup
Event: 24047.313 Executing VM operation: Cleanup done
Event: 24049.322 Executing VM operation: Cleanup
Event: 24049.322 Executing VM operation: Cleanup done
Event: 24208.467 Executing VM operation: G1CollectForAllocation
Event: 24208.602 Executing VM operation: G1CollectForAllocation done
Event: 24209.107 Executing VM operation: G1Concurrent

Events (20 events):
Event: 17905.588 Thread 0x0000021048518c40 Thread exited: 0x0000021048518c40
Event: 17905.681 Thread 0x000002104851a450 Thread exited: 0x000002104851a450
Event: 17906.463 Thread 0x00000210485182a0 Thread added: 0x00000210485182a0
Event: 17906.464 Thread 0x0000021048518770 Thread added: 0x0000021048518770
Event: 17914.313 Thread 0x00000210485182a0 Thread exited: 0x00000210485182a0
Event: 17914.360 Thread 0x0000021048518770 Thread exited: 0x0000021048518770
Event: 17919.556 Thread 0x000002104851a450 Thread added: 0x000002104851a450
Event: 17919.557 Thread 0x0000021048518770 Thread added: 0x0000021048518770
Event: 17924.573 Thread 0x000002104851a450 Thread exited: 0x000002104851a450
Event: 17924.621 Thread 0x00000210485195e0 Thread added: 0x00000210485195e0
Event: 17929.626 Thread 0x00000210485195e0 Thread exited: 0x00000210485195e0
Event: 17929.720 Thread 0x0000021048518770 Thread exited: 0x0000021048518770
Event: 17940.520 Thread 0x00000210485195e0 Thread added: 0x00000210485195e0
Event: 17940.520 Thread 0x0000021048518c40 Thread added: 0x0000021048518c40
Event: 17950.171 Thread 0x00000210485195e0 Thread exited: 0x00000210485195e0
Event: 17950.248 Thread 0x0000021048518c40 Thread exited: 0x0000021048518c40
Event: 24046.635 Thread 0x00000210485182a0 Thread added: 0x00000210485182a0
Event: 24046.641 Thread 0x0000021048517430 Thread added: 0x0000021048517430
Event: 24051.802 Thread 0x00000210485182a0 Thread exited: 0x00000210485182a0
Event: 24053.560 Thread 0x0000021048517430 Thread exited: 0x0000021048517430


Dynamic libraries:
0x00007ff6bcc40000 - 0x00007ff6bcc50000 	C:\Program Files\Java\jdk-18\bin\java.exe
0x00007ffb2b900000 - 0x00007ffb2bb09000 	C:\WINDOWS\SYSTEM32\ntdll.dll
0x00007ffb2a190000 - 0x00007ffb2a24d000 	C:\WINDOWS\System32\KERNEL32.DLL
0x00007ffb29020000 - 0x00007ffb29399000 	C:\WINDOWS\System32\KERNELBASE.dll
0x00007ffb28de0000 - 0x00007ffb28ef1000 	C:\WINDOWS\System32\ucrtbase.dll
0x00007ffb06430000 - 0x00007ffb0644a000 	C:\Program Files\Java\jdk-18\bin\VCRUNTIME140.dll
0x00007ffb06450000 - 0x00007ffb06468000 	C:\Program Files\Java\jdk-18\bin\jli.dll
0x00007ffb29900000 - 0x00007ffb299ae000 	C:\WINDOWS\System32\ADVAPI32.dll
0x00007ffb2b7e0000 - 0x00007ffb2b883000 	C:\WINDOWS\System32\msvcrt.dll
0x00007ffb2b2e0000 - 0x00007ffb2b37e000 	C:\WINDOWS\System32\sechost.dll
0x00007ffb2abc0000 - 0x00007ffb2ace0000 	C:\WINDOWS\System32\RPCRT4.dll
0x00007ffb2b630000 - 0x00007ffb2b7dc000 	C:\WINDOWS\System32\USER32.dll
0x00007ffb29760000 - 0x00007ffb29786000 	C:\WINDOWS\System32\win32u.dll
0x00007ffb11dc0000 - 0x00007ffb12065000 	C:\WINDOWS\WinSxS\amd64_microsoft.windows.common-controls_6595b64144ccf1df_6.0.22000.120_none_9d947278b86cc467\COMCTL32.dll
0x00007ffb2b890000 - 0x00007ffb2b8b9000 	C:\WINDOWS\System32\GDI32.dll
0x00007ffb28f00000 - 0x00007ffb29012000 	C:\WINDOWS\System32\gdi32full.dll
0x00007ffb29650000 - 0x00007ffb296ed000 	C:\WINDOWS\System32\msvcp_win.dll
0x00007ffb1ffd0000 - 0x00007ffb1ffda000 	C:\WINDOWS\SYSTEM32\VERSION.dll
0x00007ffb29ea0000 - 0x00007ffb29ed1000 	C:\WINDOWS\System32\IMM32.DLL
0x00007ffb17120000 - 0x00007ffb1712c000 	C:\Program Files\Java\jdk-18\bin\vcruntime140_1.dll
0x00007ffb06120000 - 0x00007ffb061ad000 	C:\Program Files\Java\jdk-18\bin\msvcp140.dll
0x00007ffad9530000 - 0x00007ffada141000 	C:\Program Files\Java\jdk-18\bin\server\jvm.dll
0x00007ffb2af50000 - 0x00007ffb2af58000 	C:\WINDOWS\System32\PSAPI.DLL
0x00007ffb106c0000 - 0x00007ffb106c9000 	C:\WINDOWS\SYSTEM32\WSOCK32.dll
0x00007ffb26970000 - 0x00007ffb269a3000 	C:\WINDOWS\SYSTEM32\WINMM.dll
0x00007ffb2ae60000 - 0x00007ffb2aecf000 	C:\WINDOWS\System32\WS2_32.dll
0x00007ffb27fb0000 - 0x00007ffb27fc8000 	C:\WINDOWS\SYSTEM32\kernel.appcore.dll
0x00007ffb06420000 - 0x00007ffb0642a000 	C:\Program Files\Java\jdk-18\bin\jimage.dll
0x00007ffb26700000 - 0x00007ffb26921000 	C:\WINDOWS\SYSTEM32\DBGHELP.DLL
0x00007ffb26930000 - 0x00007ffb26961000 	C:\WINDOWS\SYSTEM32\dbgcore.DLL
0x00007ffb293a0000 - 0x00007ffb2941f000 	C:\WINDOWS\System32\bcryptPrimitives.dll
0x00007ffb1eb00000 - 0x00007ffb1eb0e000 	C:\Program Files\Java\jdk-18\bin\instrument.dll
0x00007ffb063f0000 - 0x00007ffb06415000 	C:\Program Files\Java\jdk-18\bin\java.dll
0x00007ffae1ae0000 - 0x00007ffae1bb6000 	C:\Program Files\Java\jdk-18\bin\jsvml.dll
0x00007ffb2a250000 - 0x00007ffb2aa08000 	C:\WINDOWS\System32\SHELL32.dll
0x00007ffb26f20000 - 0x00007ffb27787000 	C:\WINDOWS\SYSTEM32\windows.storage.dll
0x00007ffb2af60000 - 0x00007ffb2b2d9000 	C:\WINDOWS\System32\combase.dll
0x00007ffb26db0000 - 0x00007ffb26f16000 	C:\WINDOWS\SYSTEM32\wintypes.dll
0x00007ffb29ee0000 - 0x00007ffb29fca000 	C:\WINDOWS\System32\SHCORE.dll
0x00007ffb29810000 - 0x00007ffb2986d000 	C:\WINDOWS\System32\shlwapi.dll
0x00007ffb28d10000 - 0x00007ffb28d31000 	C:\WINDOWS\SYSTEM32\profapi.dll
0x00007ffb06330000 - 0x00007ffb06348000 	C:\Program Files\Java\jdk-18\bin\zip.dll
0x00007ffb063d0000 - 0x00007ffb063e3000 	C:\Program Files\Java\jdk-18\bin\net.dll
0x00007ffb21540000 - 0x00007ffb2164c000 	C:\WINDOWS\SYSTEM32\WINHTTP.dll
0x00007ffb28400000 - 0x00007ffb28467000 	C:\WINDOWS\system32\mswsock.dll
0x00007ffb06350000 - 0x00007ffb06366000 	C:\Program Files\Java\jdk-18\bin\nio.dll
0x00007ffb1eae0000 - 0x00007ffb1eafa000 	C:\Program Files\JetBrains\IntelliJ IDEA Community Edition 2021.3.2\bin\breakgen64.dll
0x00007ffb06320000 - 0x00007ffb06330000 	C:\Program Files\Java\jdk-18\bin\verify.dll
0x00007ffb1ead0000 - 0x00007ffb1ead9000 	C:\Program Files\Java\jdk-18\bin\management.dll
0x00007ffb1eaa0000 - 0x00007ffb1eaab000 	C:\Program Files\Java\jdk-18\bin\management_ext.dll
0x00007ffb1b1e0000 - 0x00007ffb1b1f7000 	C:\WINDOWS\system32\napinsp.dll
0x00007ffb1b180000 - 0x00007ffb1b19b000 	C:\WINDOWS\system32\pnrpnsp.dll
0x00007ffb27b00000 - 0x00007ffb27be8000 	C:\WINDOWS\SYSTEM32\DNSAPI.dll
0x00007ffb27ad0000 - 0x00007ffb27afd000 	C:\WINDOWS\SYSTEM32\IPHLPAPI.DLL
0x00007ffb29870000 - 0x00007ffb29879000 	C:\WINDOWS\System32\NSI.dll
0x00007ffb1b1c0000 - 0x00007ffb1b1d2000 	C:\WINDOWS\System32\winrnr.dll
0x00007ffb1f7d0000 - 0x00007ffb1f7e5000 	C:\WINDOWS\system32\wshbth.dll
0x00007ffb1b1a0000 - 0x00007ffb1b1bf000 	C:\WINDOWS\system32\nlansp_c.dll
0x00007ffb1f100000 - 0x00007ffb1f10a000 	C:\Windows\System32\rasadhlp.dll
0x00007ffb1f450000 - 0x00007ffb1f4d1000 	C:\WINDOWS\System32\fwpuclnt.dll
0x00007ffb28640000 - 0x00007ffb28658000 	C:\WINDOWS\SYSTEM32\CRYPTSP.dll
0x00007ffb27f10000 - 0x00007ffb27f45000 	C:\WINDOWS\system32\rsaenh.dll
0x00007ffb284f0000 - 0x00007ffb28519000 	C:\WINDOWS\SYSTEM32\USERENV.dll
0x00007ffb287c0000 - 0x00007ffb287e7000 	C:\WINDOWS\SYSTEM32\bcrypt.dll
0x00007ffb28660000 - 0x00007ffb2866c000 	C:\WINDOWS\SYSTEM32\CRYPTBASE.dll
0x00007ffb20ba0000 - 0x00007ffb20bb9000 	C:\WINDOWS\SYSTEM32\dhcpcsvc6.DLL
0x00007ffb20d20000 - 0x00007ffb20d3e000 	C:\WINDOWS\SYSTEM32\dhcpcsvc.DLL
0x00007ffb1ea70000 - 0x00007ffb1ea7e000 	C:\Program Files\Java\jdk-18\bin\sunmscapi.dll
0x00007ffb29420000 - 0x00007ffb29582000 	C:\WINDOWS\System32\CRYPT32.dll
0x00007ffb28790000 - 0x00007ffb287b8000 	C:\WINDOWS\SYSTEM32\ncrypt.dll
0x00007ffb28750000 - 0x00007ffb28787000 	C:\WINDOWS\SYSTEM32\NTASN1.dll

dbghelp: loaded successfully - version: 4.0.5 - missing functions: none
symbol engine: initialized successfully - sym options: 0x614 - pdb path: .;C:\Program Files\Java\jdk-18\bin;C:\WINDOWS\SYSTEM32;C:\WINDOWS\WinSxS\amd64_microsoft.windows.common-controls_6595b64144ccf1df_6.0.22000.120_none_9d947278b86cc467;C:\Program Files\Java\jdk-18\bin\server;C:\Program Files\JetBrains\IntelliJ IDEA Community Edition 2021.3.2\bin

VM Arguments:
jvm_args: -javaagent:C:\Program Files\JetBrains\IntelliJ IDEA Community Edition 2021.3.2\lib\idea_rt.jar=52844:C:\Program Files\JetBrains\IntelliJ IDEA Community Edition 2021.3.2\bin -Dfile.encoding=UTF-8 
java_command: com.amalstack.api.notebooks.NotebooksApiApplication
java_class_path (initial): C:\Users\amalk\Documents\Academics\MCA\Semester 2\JP\notebooks-api\notebooks-api\target\classes;C:\Users\amalk\.m2\repository\org\springframework\boot\spring-boot-starter-data-jpa\2.7.1\spring-boot-starter-data-jpa-2.7.1.jar;C:\Users\amalk\.m2\repository\org\springframework\boot\spring-boot-starter-aop\2.7.1\spring-boot-starter-aop-2.7.1.jar;C:\Users\amalk\.m2\repository\org\aspectj\aspectjweaver\1.9.7\aspectjweaver-1.9.7.jar;C:\Users\amalk\.m2\repository\org\springframework\boot\spring-boot-starter-jdbc\2.7.1\spring-boot-starter-jdbc-2.7.1.jar;C:\Users\amalk\.m2\repository\com\zaxxer\HikariCP\4.0.3\HikariCP-4.0.3.jar;C:\Users\amalk\.m2\repository\org\springframework\spring-jdbc\5.3.21\spring-jdbc-5.3.21.jar;C:\Users\amalk\.m2\repository\jakarta\transaction\jakarta.transaction-api\1.3.3\jakarta.transaction-api-1.3.3.jar;C:\Users\amalk\.m2\repository\jakarta\persistence\jakarta.persistence-api\2.2.3\jakarta.persistence-api-2.2.3.jar;C:\Users\amalk\.m2\repository\org\hibernate\hibernate-core\5.6.9.Final\hibernate-core-5.6.9.Final.jar;C:\Users\amalk\.m2\repository\org\jboss\logging\jboss-logging\3.4.3.Final\jboss-logging-3.4.3.Final.jar;C:\Users\amalk\.m2\repository\net\bytebuddy\byte-buddy\1.12.11\byte-buddy-1.12.11.jar;C:\Users\amalk\.m2\repository\antlr\antlr\2.7.7\antlr-2.7.7.jar;C:\Users\amalk\.m2\repository\org\jboss\jandex\2.4.2.Final\jandex-2.4.2.Final.jar;C:\Users\amalk\.m2\repository\com\fasterxml\classmate\1.5.1\classmate-1.5.1.jar;C:\Users\amalk\.m2\repository\org\hibernate\common\hibernate-commons-annotations\5.1.2.Final\hibernate-commons-annotations-5.1.2.Final.jar;C:\Users\amalk\.m2\repository\org\glassfish\jaxb\jaxb-runtime\2.3.6\jaxb-runtime-2.3.6.jar;C:\Users\amalk\.m2\repository\org\glassfish\jaxb\txw2\2.3.6\txw2-2.3.6.jar;C:\Users\amalk\.m2\repository\com\sun\istack\istack-commons-runtime\3.0.12\istack-commons-runtime-3.0.12.jar;C:\Users\amalk\.m2\repository\com\sun\activation\jakarta.activation\1.2.2\jakarta.activation-1.2.2.jar;C:\Users\amalk\.m2\repository\org\springframework\data\spring-data-jpa\2.7.1\spring-data-jpa-2.7.1.jar;C:\Users\amalk\.m2\repository\org\springframework\data\spring-data-commons\2.7.1\spring-data-commons-2.7.1.jar;C:\Users\amalk\.m2\repository\org\springframework\spring-orm\5.3.21\spring-orm-5.3.21.jar;C:\Users\amalk\.m2\repository\org\springframework\spring-context\5.3.21\spring-context-5.3.21.jar;C:\Users\amalk\.m2\repository\org\springframework\spring-tx\5.3.21\spring-tx-5.3.21.jar;C:\Users\amalk\.m2\repository\org\springframework\spring-beans\5.3.21\spring-beans-5.3.21.jar;C:\Users\amalk\.m2\repository\org\slf4j\slf4j-api\1.7.36\slf4j-api-1.7.36.jar;C:\Users\amalk\.m2\repository\org\springframework\spring-aspects\5.3.21\spring-aspects-5.3.21.jar;C:\Users\amalk\.m2\repository\org\springframework\boot\spring-boot-starter-security\2.7.1\spring-boot-starter-security-2.7.1.jar;C:\Users\amalk\.m2\repository\org\springframework\boot\spring-boot-starter\2.7.1\spring-boot-starter-2.7.1.jar;C:\Users\amalk\.m2\repository\org\springframework\boot\spring-boot-starter-logging\2.7.1\spring-boot-starter-logging-2.7.1.jar;C:\Users\amalk\.m2\repository\ch\qos\logback\logback-classic\1.2.11\logback-classic-1.2.11.jar;C:\Users\amalk\.m2\repository\ch\qos\logback\logback-core\1.2.11\logback-core-1.2.11.jar;C:\Users\amalk\.m2\repository\org\apache\logging\log4j\log4j-to-slf4j\2.17.2\log4j-to-slf4j-2.17.2.jar;C:\Users\amalk\.m2\repository\org\apache\logging\log4j\log4j-api\2.17.2\log4j-api-2.17.2.jar;C:\Users\amalk\.m2\repository\org\slf4j\jul-to-slf4j\1.7.36\jul-to-slf4j-1.7.36.jar;C:\Users\amalk\.m2\repository\jakarta\annotation\jakarta.annotation-api\1.3.5\jakarta.annotation-api-1.3.5.jar;C:\Users\amalk\.m2\repository\org\yaml\snakeyaml\1.30\snakeyaml-1.30.jar;C:\Users\amalk\.m2\repository\org\springframework\spring-aop\5.3.21\spring-aop-5.3.21.jar;C:\Users\amalk\.m2\repository\org\springframework\security\spring-security-config\5.7.2\spring-security-config-5.7.2.jar;C:\Users\amalk\.m2\repository\org\springframework\security\spring-security-web\5.7.2\spring-security-web-5.7.2.jar;C:\Users\amalk\.m2\repository\org\springframework\spring-expression\5.3.21\spring-expression-5.3.21.jar;C:\Users\amalk\.m2\repository\org\springframework\boot\spring-boot-starter-validation\2.7.1\spring-boot-starter-validation-2.7.1.jar;C:\Users\amalk\.m2\repository\org\apache\tomcat\embed\tomcat-embed-el\9.0.64\tomcat-embed-el-9.0.64.jar;C:\Users\amalk\.m2\repository\org\hibernate\validator\hibernate-validator\6.2.3.Final\hibernate-validator-6.2.3.Final.jar;C:\Users\amalk\.m2\repository\jakarta\validation\jakarta.validation-api\2.0.2\jakarta.validation-api-2.0.2.jar;C:\Users\amalk\.m2\repository\org\springframework\boot\spring-boot-starter-web\2.7.1\spring-boot-starter-web-2.7.1.jar;C:\Users\amalk\.m2\repository\org\springframework\boot\spring-boot-starter-json\2.7.1\spring-boot-starter-json-2.7.1.jar;C:\Users\amalk\.m2\repository\com\fasterxml\jackson\core\jackson-databind\2.13.3\jackson-databind-2.13.3.jar;C:\Users\amalk\.m2\repository\com\fasterxml\jackson\core\jackson-annotations\2.13.3\jackson-annotations-2.13.3.jar;C:\Users\amalk\.m2\repository\com\fasterxml\jackson\core\jackson-core\2.13.3\jackson-core-2.13.3.jar;C:\Users\amalk\.m2\repository\com\fasterxml\jackson\datatype\jackson-datatype-jdk8\2.13.3\jackson-datatype-jdk8-2.13.3.jar;C:\Users\amalk\.m2\repository\com\fasterxml\jackson\datatype\jackson-datatype-jsr310\2.13.3\jackson-datatype-jsr310-2.13.3.jar;C:\Users\amalk\.m2\repository\com\fasterxml\jackson\module\jackson-module-parameter-names\2.13.3\jackson-module-parameter-names-2.13.3.jar;C:\Users\amalk\.m2\repository\org\springframework\boot\spring-boot-starter-tomcat\2.7.1\spring-boot-starter-tomcat-2.7.1.jar;C:\Users\amalk\.m2\repository\org\apache\tomcat\embed\tomcat-embed-core\9.0.64\tomcat-embed-core-9.0.64.jar;C:\Users\amalk\.m2\repository\org\apache\tomcat\embed\tomcat-embed-websocket\9.0.64\tomcat-embed-websocket-9.0.64.jar;C:\Users\amalk\.m2\repository\org\springframework\spring-web\5.3.21\spring-web-5.3.21.jar;C:\Users\amalk\.m2\repository\org\springframework\spring-webmvc\5.3.21\spring-webmvc-5.3.21.jar;C:\Users\amalk\.m2\repository\org\springframework\boot\spring-boot-devtools\2.7.1\spring-boot-devtools-2.7.1.jar;C:\Users\amalk\.m2\repository\org\springframework\boot\spring-boot\2.7.1\spring-boot-2.7.1.jar;C:\Users\amalk\.m2\repository\org\springframework\boot\spring-boot-autoconfigure\2.7.1\spring-boot-autoconfigure-2.7.1.jar;C:\Users\amalk\.m2\repository\org\postgresql\postgresql\42.3.6\postgresql-42.3.6.jar;C:\Users\amalk\.m2\repository\org\checkerframework\checker-qual\3.5.0\checker-qual-3.5.0.jar;C:\Users\amalk\.m2\repository\jakarta\xml\bind\jakarta.xml.bind-api\2.3.3\jakarta.xml.bind-api-2.3.3.jar;C:\Users\amalk\.m2\repository\jakarta\activation\jakarta.activation-api\1.2.2\jakarta.activation-api-1.2.2.jar;C:\Users\amalk\.m2\repository\org\springframework\spring-core\5.3.21\spring-core-5.3.21.jar;C:\Users\amalk\.m2\repository\org\springframework\spring-jcl\5.3.21\spring-jcl-5.3.21.jar;C:\Users\amalk\.m2\repository\org\springframework\security\spring-security-core\5.7.2\spring-security-core-5.7.2.jar;C:\Users\amalk\.m2\repository\org\springframework\security\spring-security-crypto\5.7.2\spring-security-crypto-5.7.2.jar
Launcher Type: SUN_STANDARD

[Global flags]
     intx CICompilerCount                          = 4                                         {product} {ergonomic}
     uint ConcGCThreads                            = 2                                         {product} {ergonomic}
     uint G1ConcRefinementThreads                  = 8                                         {product} {ergonomic}
   size_t G1HeapRegionSize                         = 1048576                                   {product} {ergonomic}
    uintx GCDrainStackTargetSize                   = 64                                        {product} {ergonomic}
   size_t InitialHeapSize                          = 130023424                                 {product} {ergonomic}
   size_t MarkStackSize                            = 4194304                                   {product} {ergonomic}
   size_t MaxHeapSize                              = 2076180480                                {product} {ergonomic}
   size_t MaxNewSize                               = 1245708288                                {product} {ergonomic}
   size_t MinHeapDeltaBytes                        = 1048576                                   {product} {ergonomic}
   size_t MinHeapSize                              = 8388608                                   {product} {ergonomic}
    uintx NonNMethodCodeHeapSize                   = 5839372                                {pd product} {ergonomic}
    uintx NonProfiledCodeHeapSize                  = 122909434                              {pd product} {ergonomic}
    uintx ProfiledCodeHeapSize                     = 122909434                              {pd product} {ergonomic}
    uintx ReservedCodeCacheSize                    = 251658240                              {pd product} {ergonomic}
     bool SegmentedCodeCache                       = true                                      {product} {ergonomic}
   size_t SoftMaxHeapSize                          = 2076180480                             {manageable} {ergonomic}
     bool UseCompressedClassPointers               = true                           {product lp64_product} {ergonomic}
     bool UseCompressedOops                        = true                           {product lp64_product} {ergonomic}
     bool UseG1GC                                  = true                                      {product} {ergonomic}
     bool UseLargePagesIndividualAllocation        = false                                  {pd product} {ergonomic}

Logging:
Log output configuration:
 #0: stdout all=warning uptime,level,tags foldmultilines=false
 #1: stderr all=off uptime,level,tags foldmultilines=false

Environment Variables:
JAVA_HOME=C:\Program Files\Java\jdk1.8.0_271
PATH=C:\ProgramData\Oracle\Java\javapath;C:\Program Files\Common Files\Oracle\Java\javapath;C:\Python310\Scripts\;C:\Python310\;C:\Program Files (x86)\VMware\VMware Workstation\bin\;C:\Program Files\Java\jdk-15.0.1\bin;C:\Windows\system32;C:\Windows;C:\Windows\System32\Wbem;C:\Windows\System32\WindowsPowerShell\v1.0\;C:\Windows\System32\OpenSSH\;C:\Program Files\NVIDIA Corporation\NVIDIA NvDLISR;C:\Program Files\dotnet\;C:\Program Files\Microsoft SQL Server\130\Tools\Binn\;C:\Program Files\Microsoft SQL Server\Client SDK\ODBC\170\Tools\Binn\;C:\Program Files\PowerShell\7\;C:\Program Files (x86)\NVIDIA Corporation\PhysX\Common;C:\Program Files\Git\cmd;;C:\WINDOWS\system32;C:\WINDOWS;C:\WINDOWS\System32\Wbem;C:\WINDOWS\System32\WindowsPowerShell\v1.0\;C:\WINDOWS\System32\OpenSSH\;C:\Program Files\Microsoft SQL Server\150\Tools\Binn\;C:\Program Files\Docker\Docker\resources\bin;C:\ProgramData\DockerDesktop\version-bin;C:\Program Files\nodejs\;C:\ProgramData\chocolatey\bin;C:\Program Files\MySQL\MySQL Shell 8.0\bin\;C:\Users\amalk\AppData\Local\Programs\Python\Python39\Scripts\;C:\Users\amalk\AppData\Local\Programs\Python\Python39\;C:\Users\amalk\AppData\Local\Microsoft\WindowsApps;C:\Users\amalk\.dotnet\tools;C:\Users\amalk\AppData\Local\Programs\Microsoft VS Code\bin;C:\Program Files\CodeBlocks\MinGW\bin;C:\Program Files\Java\jdk-15.0.1\bin;C:\Users\amalk\AppData\Roaming\npm;C:\Users\amalk\AppData\Roaming\TinyTeX\bin\win32;C:\Program Files\JetBrains\IntelliJ IDEA Community Edition 2021.3.2\bin;;C:\gradle-7.4.1-bin\gradle-7.4.1\bin;;C:\Users\amalk\AppData\Local\Programs\oh-my-posh\bin
USERNAME=amalk
OS=Windows_NT
PROCESSOR_IDENTIFIER=Intel64 Family 6 Model 140 Stepping 1, GenuineIntel



---------------  S Y S T E M  ---------------

OS:
 Windows 11 , 64 bit Build 22000 (10.0.22000.708)
OS uptime: 0 days 8:23 hours
Hyper-V role detected

CPU: total 8 (initial active 8) (4 cores per cpu, 2 threads per core) family 6 model 140 stepping 1 microcode 0xa4, cx8, cmov, fxsr, ht, mmx, 3dnowpref, sse, sse2, sse3, ssse3, sse4.1, sse4.2, popcnt, lzcnt, tsc, tscinvbit, avx, avx2, aes, erms, clmul, bmi1, bmi2, adx, avx512f, avx512dq, avx512cd, avx512bw, avx512vl, sha, fma, vzeroupper, avx512_vpopcntdq, avx512_vpclmulqdq, avx512_vaes, avx512_vnni, clflush, clflushopt, clwb, avx512_vbmi2, avx512_vbmi, hv

Memory: 4k page, system-wide physical 7914M (817M free)
TotalPageFile size 25322M (AvailPageFile size 6518M)
current process WorkingSet (physical memory assigned to process): 134M, peak: 304M
current process commit charge ("private bytes"): 248M, peak: 343M

vm_info: Java HotSpot(TM) 64-Bit Server VM (18+36-2087) for windows-amd64 JRE (18+36-2087), built on Feb 15 2022 09:43:11 by "mach5one" with MS VC++ 16.8 / 16.9 (VS2019)

END.
